<?xml version="1.0" encoding="UTF-8"?>
<!-- Generated by org.testng.reporters.JUnitReportReporter -->
<testsuite skipped="0" hostname="DESKTOP-ALV9M1U" name="com.csse.studentManagement.paymentTestcases.SemesterPaymentTestCase" tests="6" failures="0" timestamp="02 Nov 2017 07:10:26 GMT" time="0.173" errors="0">
  <testcase name="addpayment" time="0.109" classname="com.csse.studentManagement.paymentTestcases.SemesterPaymentTestCase"/>
  <testcase name="studentSearch" time="0.000" classname="com.csse.studentManagement.paymentTestcases.SemesterPaymentTestCase"/>
  <testcase name="delete" time="0.047" classname="com.csse.studentManagement.paymentTestcases.SemesterPaymentTestCase"/>
  <testcase name="adminSearchStudentWise" time="0.000" classname="com.csse.studentManagement.paymentTestcases.SemesterPaymentTestCase"/>
  <testcase name="update" time="0.000" classname="com.csse.studentManagement.paymentTestcases.SemesterPaymentTestCase"/>
  <testcase name="adminSearchFacultytWise" time="0.017" classname="com.csse.studentManagement.paymentTestcases.SemesterPaymentTestCase"/>
</testsuite> <!-- com.csse.studentManagement.paymentTestcases.SemesterPaymentTestCase -->
